<?xml version="1.0" encoding="utf-8"?><testsuites name="pytest tests"><testsuite name="pytest" errors="0" failures="0" skipped="0" tests="9" time="1.354" timestamp="2026-04-24T22:20:18.779172+00:00" hostname="agent-env-5e1dddab-cfc1-443f-8628-72fe733ac419"><testcase classname="backend.tests.test_log_api.TestLogTree" name="test_tree_returns_200_and_expected_structure" time="0.659" /><testcase classname="backend.tests.test_log_api.TestLogTree" name="test_tree_has_posts_when_seed" time="0.047" /><testcase classname="backend.tests.test_log_api.TestLogTree" name="test_tree_folders_contain_posts" time="0.047" /><testcase classname="backend.tests.test_log_api.TestLogPost" name="test_get_existing_post_projects" time="0.045" /><testcase classname="backend.tests.test_log_api.TestLogPost" name="test_get_nonexistent_post_returns_404" time="0.046" /><testcase classname="backend.tests.test_log_api.TestLogPost" name="test_missing_path_query_param_returns_422" time="0.045" /><testcase classname="backend.tests.test_log_api.TestLogRefresh" name="test_refresh_clears_cache_and_returns_payload" time="0.248" /><testcase classname="backend.tests.test_log_api.TestRoot" name="test_api_root" time="0.047" /><testcase classname="backend.tests.test_log_api.TestRoot" name="test_api_status_legacy_scaffold" time="0.048" /></testsuite></testsuites>